<?xml version="1.0" encoding="UTF-8"?>
<!-- Generated by org.testng.reporters.JUnitReportReporter -->
<testsuite skipped="0" hostname="DESKTOP-L2FA2TH" name="Academy.HomePage" tests="2" failures="0" timestamp="2021-01-18T14:06:10 IST" time="6.598" errors="0">
  <testcase name="basePageNavigation" time="2.021" classname="Academy.HomePage"/>
  <system-out/>
  <testcase name="basePageNavigation" time="4.577" classname="Academy.HomePage"/>
  <system-out/>
</testsuite> <!-- Academy.HomePage -->
